NZSHM22_PythonGateway tagged version: 165-filter-rupset-alpha1
opensha git ref: aecbe4d2b63be0c6e4c876ac75384fd32b8efac3
NZSHM22 Java gateway listening on port; 26533
total in BEST2FLTOLDNC1246.txt = 1.0000018700000017
total in BEST2FLTOLDNC1246r.txt = 0.9999929359999982
total in BESTFLTOLDNC1456.txt = 0.9999942830000016
total in BESTFLTOLDNC1456r.txt = 0.9999941260000015
total in Gruenthalmod1346ConfDSMsss.txt = 0.9999991628000019
------------ LOADING ARCHIVE ------------
Archive: /WORKING/downloads/RmlsZToxNTg3LjBuVm9GdA==/RupSet_Cl_FM(CFM_0_9_SANSTVZ_D90)_mnSbS(2)_mnSSPP(2)_mxSSL(0.5)_mxFS(2000)_noInP(T)_slRtP(0.05)_slInL(F)_cfFr(0.75)_cfRN(2)_cfRTh(0.5)_cfRP(0.01)_fvJm(T)_jmPTh(0.001)_cmRkTh(360)_mxJmD(15)_plCn(T)_adMnD(6)_adScFr(0.2)_bi(F)_stGrSp(2)_coFr(0.5).zip
Modules index not found in zip file, skipping loading sub-modules: modules.json
---------- END LOADING ARCHIVE ----------
Rupture Set:	Mapped available module with type: org.opensha.sha.earthquake.faultSysSolution.modules.SectAreas
Rupture Set:	Mapped available module with type: org.opensha.sha.earthquake.faultSysSolution.modules.SectSlipRates
Rupture Set:	Mapped available module with type: org.opensha.sha.earthquake.faultSysSolution.modules.SlipAlongRuptureModel
Rupture Set:	Removing available module with type 'org.opensha.sha.earthquake.faultSysSolution.modules.SectSlipRates' as it is assignable from 'org.opensha.sha.earthquake.faultSysSolution.modules.SectSlipRates'
Rupture Set:	Mapped module type 'org.opensha.sha.earthquake.faultSysSolution.modules.SectSlipRates$Precomputed' to: Section Slip Rates
Rupture Set:	Mapped module type 'org.opensha.sha.earthquake.faultSysSolution.modules.SectSlipRates' to: Section Slip Rates
Rupture Set:	Removing available module with type 'org.opensha.sha.earthquake.faultSysSolution.modules.SectAreas' as it is assignable from 'org.opensha.sha.earthquake.faultSysSolution.modules.SectAreas'
Rupture Set:	Mapped module type 'org.opensha.sha.earthquake.faultSysSolution.modules.SectAreas$Precomputed' to: Section Areas
Rupture Set:	Mapped module type 'org.opensha.sha.earthquake.faultSysSolution.modules.SectAreas' to: Section Areas
Rupture Set:	Mapped module type 'org.opensha.sha.earthquake.faultSysSolution.modules.InfoModule' to: Info
Rupture Set:	Mapped module type 'org.opensha.sha.earthquake.faultSysSolution.ruptures.plausibility.PlausibilityConfiguration' to: Plausibility Configuration
Loading ClusterRupture list (lazily) from /WORKING/downloads/RmlsZToxNTg3LjBuVm9GdA==/RupSet_Cl_FM(CFM_0_9_SANSTVZ_D90)_mnSbS(2)_mnSSPP(2)_mxSSL(0.5)_mxFS(2000)_noInP(T)_slRtP(0.05)_slInL(F)_cfFr(0.75)_cfRN(2)_cfRTh(0.5)_cfRP(0.01)_fvJm(T)_jmPTh(0.001)_cmRkTh(360)_mxJmD(15)_plCn(T)_adMnD(6)_adScFr(0.2)_bi(F)_stGrSp(2)_coFr(0.5).zip
Rupture Set:	Mapped module type 'org.opensha.sha.earthquake.faultSysSolution.modules.ClusterRuptures$SingleStranded' to: Single-Strand Cluster Ruptures
Rupture Set:	Mapped module type 'org.opensha.sha.earthquake.faultSysSolution.modules.ClusterRuptures' to: Single-Strand Cluster Ruptures
Rupture Set:	Lazily loading available module...
Rupture Set:	Took 0 s to load Default (Uniform) Slip Along Rupture
Rupture Set:	Mapped module type 'org.opensha.sha.earthquake.faultSysSolution.modules.SlipAlongRuptureModel$Default' to: Default (Uniform) Slip Along Rupture
Rupture Set:	Mapped module type 'org.opensha.sha.earthquake.faultSysSolution.modules.SlipAlongRuptureModel' to: Default (Uniform) Slip Along Rupture
Rupture Set:	Mapped available module with type: org.opensha.sha.earthquake.faultSysSolution.modules.SectAreas
Rupture Set:	Mapped available module with type: org.opensha.sha.earthquake.faultSysSolution.modules.SectSlipRates
Rupture Set:	Mapped available module with type: org.opensha.sha.earthquake.faultSysSolution.modules.SlipAlongRuptureModel
Rupture Set:	Mapped module type 'org.opensha.sha.earthquake.faultSysSolution.modules.BuildInfoModule' to: OpenSHA Build Information
Rupture Set:	Removing available module with type 'org.opensha.sha.earthquake.faultSysSolution.modules.SectSlipRates' as it is assignable from 'org.opensha.sha.earthquake.faultSysSolution.modules.SectSlipRates'
Rupture Set:	Mapped available module with type: org.opensha.sha.earthquake.faultSysSolution.modules.SectSlipRates$Precomputed
Rupture Set:	Mapped available module with type: org.opensha.sha.earthquake.faultSysSolution.modules.SectSlipRates
Rupture Set:	Removing available module with type 'org.opensha.sha.earthquake.faultSysSolution.modules.SectAreas' as it is assignable from 'org.opensha.sha.earthquake.faultSysSolution.modules.SectAreas'
Rupture Set:	Mapped available module with type: org.opensha.sha.earthquake.faultSysSolution.modules.SectAreas$Precomputed
Rupture Set:	Mapped available module with type: org.opensha.sha.earthquake.faultSysSolution.modules.SectAreas
Rupture Set:	Mapped available module with type: org.opensha.sha.earthquake.faultSysSolution.modules.InfoModule
Rupture Set:	Mapped available module with type: org.opensha.sha.earthquake.faultSysSolution.ruptures.plausibility.PlausibilityConfiguration
Rupture Set:	Mapped available module with type: org.opensha.sha.earthquake.faultSysSolution.modules.ClusterRuptures$SingleStranded
Rupture Set:	Mapped available module with type: org.opensha.sha.earthquake.faultSysSolution.modules.ClusterRuptures
Rupture Set:	Removing available module with type 'org.opensha.sha.earthquake.faultSysSolution.modules.SlipAlongRuptureModel' as it is assignable from 'org.opensha.sha.earthquake.faultSysSolution.modules.SlipAlongRuptureModel'
Rupture Set:	Mapped available module with type: org.opensha.sha.earthquake.faultSysSolution.modules.SlipAlongRuptureModel$Default
Rupture Set:	Mapped available module with type: org.opensha.sha.earthquake.faultSysSolution.modules.SlipAlongRuptureModel
Rupture Set:	Mapped available module with type: org.opensha.sha.earthquake.faultSysSolution.modules.AveSlipModule
Rupture Set:	Mapped module type 'org.opensha.sha.earthquake.faultSysSolution.modules.SlipAlongRuptureModel$Uniform' to: Uniform Slip Along Rupture
Rupture Set:	Mapped module type 'org.opensha.sha.earthquake.faultSysSolution.modules.SlipAlongRuptureModel$NamedSlipAlongRuptureModel' to: Uniform Slip Along Rupture
Rupture Set:	Mapped module type 'org.opensha.sha.earthquake.faultSysSolution.modules.SlipAlongRuptureModel' to: Uniform Slip Along Rupture
Rupture Set:	Mapped module type 'scratch.UCERF3.logicTree.U3LogicTreeBranch' to: Logic Tree Branch
Rupture Set:	Mapped module type 'org.opensha.commons.logicTree.LogicTreeBranch' to: Logic Tree Branch
Rupture Set:	Mapped available module with type: org.opensha.sha.earthquake.faultSysSolution.modules.PolygonFaultGridAssociations
Rupture Set:	Mapped available module with type: org.opensha.sha.earthquake.faultSysSolution.modules.FaultGridAssociations
Rupture Set:	Mapped available module with type: org.opensha.sha.earthquake.faultSysSolution.modules.ModSectMinMags
Rupture Set:	Mapped available module with type: scratch.UCERF3.inversion.U3InversionTargetMFDs
Rupture Set:	Mapped available module with type: org.opensha.sha.earthquake.faultSysSolution.modules.InversionTargetMFDs
Rupture Set:	Mapped available module with type: org.opensha.sha.earthquake.faultSysSolution.modules.SectSlipRates
Rupture Set:	Mapped available module with type: org.opensha.sha.earthquake.faultSysSolution.modules.SectAreas
Rupture Set:	Lazily loading available module...
Rupture Set:	Took 0 s to load Section Slip Rates
Rupture Set:	Getting copy of sub-module 'Section Slip Rates' with updated parent
Rupture Set:	Mapped module type 'org.opensha.sha.earthquake.faultSysSolution.modules.SectSlipRates$Precomputed' to: Section Slip Rates
Rupture Set:	Mapped module type 'org.opensha.sha.earthquake.faultSysSolution.modules.SectSlipRates' to: Section Slip Rates
Rupture Set:	Lazily loading available module...
Rupture Set:	Took 0 s to load Section Areas
Rupture Set:	Getting copy of sub-module 'Section Areas' with updated parent
Rupture Set:	Mapped module type 'org.opensha.sha.earthquake.faultSysSolution.modules.SectAreas$Precomputed' to: Section Areas
Rupture Set:	Mapped module type 'org.opensha.sha.earthquake.faultSysSolution.modules.SectAreas' to: Section Areas
Rupture Set:	Lazily loading available module...
Rupture Set:	Took 0 s to load Info
Rupture Set:	Mapped module type 'org.opensha.sha.earthquake.faultSysSolution.modules.InfoModule' to: Info
Rupture Set:	Lazily loading available module...
Rupture Set:	Took 0 s to load Plausibility Configuration
Rupture Set:	Getting copy of sub-module 'Plausibility Configuration' with updated parent
Rupture Set:	Mapped module type 'org.opensha.sha.earthquake.faultSysSolution.ruptures.plausibility.PlausibilityConfiguration' to: Plausibility Configuration
Rupture Set:	Lazily loading available module...
Rupture Set:	Took 0 s to load Single-Strand Cluster Ruptures
Rupture Set:	Getting copy of sub-module 'Single-Strand Cluster Ruptures' with updated parent
Rupture Set:	Mapped module type 'org.opensha.sha.earthquake.faultSysSolution.modules.ClusterRuptures$SingleStranded' to: Single-Strand Cluster Ruptures
Rupture Set:	Mapped module type 'org.opensha.sha.earthquake.faultSysSolution.modules.ClusterRuptures' to: Single-Strand Cluster Ruptures
Rupture Set:	Lazily loading available module...
Rupture Set:	Took 0 s to load Default (Uniform) Slip Along Rupture
Rupture Set:	Mapped module type 'org.opensha.sha.earthquake.faultSysSolution.modules.SlipAlongRuptureModel$Default' to: Default (Uniform) Slip Along Rupture
Rupture Set:	Mapped module type 'org.opensha.sha.earthquake.faultSysSolution.modules.SlipAlongRuptureModel' to: Default (Uniform) Slip Along Rupture
Rupture Set:	Lazily loading available module...
Rupture Set:	Took 0 s to load NZSHM22_ScalingRelationship Average Slips
Rupture Set:	Mapped module type 'org.opensha.sha.earthquake.faultSysSolution.modules.AveSlipModule$ModelBased' to: NZSHM22_ScalingRelationship Average Slips
Rupture Set:	Mapped module type 'org.opensha.sha.earthquake.faultSysSolution.modules.AveSlipModule' to: NZSHM22_ScalingRelationship Average Slips
Rupture Set:	Mapped module type 'org.opensha.sha.earthquake.faultSysSolution.modules.BuildInfoModule' to: OpenSHA Build Information
Rupture Set:	Getting copy of sub-module 'Section Slip Rates' with updated parent
Rupture Set:	Removing available module with type 'org.opensha.sha.earthquake.faultSysSolution.modules.SectSlipRates' as it is assignable from 'org.opensha.sha.earthquake.faultSysSolution.modules.SectSlipRates'
Rupture Set:	Mapped module type 'org.opensha.sha.earthquake.faultSysSolution.modules.SectSlipRates$Precomputed' to: Section Slip Rates
Rupture Set:	Mapped module type 'org.opensha.sha.earthquake.faultSysSolution.modules.SectSlipRates' to: Section Slip Rates
Rupture Set:	Getting copy of sub-module 'Section Areas' with updated parent
Rupture Set:	Removing available module with type 'org.opensha.sha.earthquake.faultSysSolution.modules.SectAreas' as it is assignable from 'org.opensha.sha.earthquake.faultSysSolution.modules.SectAreas'
Rupture Set:	Mapped module type 'org.opensha.sha.earthquake.faultSysSolution.modules.SectAreas$Precomputed' to: Section Areas
Rupture Set:	Mapped module type 'org.opensha.sha.earthquake.faultSysSolution.modules.SectAreas' to: Section Areas
Rupture Set:	Mapped module type 'org.opensha.sha.earthquake.faultSysSolution.modules.InfoModule' to: Info
Rupture Set:	Getting copy of sub-module 'Plausibility Configuration' with updated parent
Rupture Set:	Mapped module type 'org.opensha.sha.earthquake.faultSysSolution.ruptures.plausibility.PlausibilityConfiguration' to: Plausibility Configuration
Rupture Set:	Getting copy of sub-module 'Single-Strand Cluster Ruptures' with updated parent
Rupture Set:	Mapped module type 'org.opensha.sha.earthquake.faultSysSolution.modules.ClusterRuptures$SingleStranded' to: Single-Strand Cluster Ruptures
Rupture Set:	Mapped module type 'org.opensha.sha.earthquake.faultSysSolution.modules.ClusterRuptures' to: Single-Strand Cluster Ruptures
Rupture Set:	Removing module 'Uniform Slip Along Rupture' with type 'org.opensha.sha.earthquake.faultSysSolution.modules.SlipAlongRuptureModel$Uniform' as it is assignable from 'org.opensha.sha.earthquake.faultSysSolution.modules.SlipAlongRuptureModel'
Rupture Set:	Mapped module type 'org.opensha.sha.earthquake.faultSysSolution.modules.SlipAlongRuptureModel$Default' to: Default (Uniform) Slip Along Rupture
Rupture Set:	Mapped module type 'org.opensha.sha.earthquake.faultSysSolution.modules.SlipAlongRuptureModel' to: Default (Uniform) Slip Along Rupture
Rupture Set:	Getting copy of sub-module 'NZSHM22_ScalingRelationship Average Slips' with updated parent
Rupture Set:	Mapped module type 'org.opensha.sha.earthquake.faultSysSolution.modules.AveSlipModule$ModelBased' to: NZSHM22_ScalingRelationship Average Slips
Rupture Set:	Mapped module type 'org.opensha.sha.earthquake.faultSysSolution.modules.AveSlipModule' to: NZSHM22_ScalingRelationship Average Slips
Rupture Set:	Getting copy of sub-module 'Single-Strand Cluster Ruptures' with updated parent
Rupture Set:	Removing module 'Single-Strand Cluster Ruptures' with type 'org.opensha.sha.earthquake.faultSysSolution.modules.ClusterRuptures$SingleStranded' as it is assignable from 'org.opensha.sha.earthquake.faultSysSolution.modules.ClusterRuptures$SingleStranded'
Rupture Set:	Mapped module type 'org.opensha.sha.earthquake.faultSysSolution.modules.ClusterRuptures$SingleStranded' to: Single-Strand Cluster Ruptures
Rupture Set:	Mapped module type 'org.opensha.sha.earthquake.faultSysSolution.modules.ClusterRuptures' to: Single-Strand Cluster Ruptures
Rupture Set:	Removing module 'Logic Tree Branch' with type 'scratch.UCERF3.logicTree.U3LogicTreeBranch' as it is assignable from 'org.opensha.commons.logicTree.LogicTreeBranch'
Rupture Set:	Mapped module type 'nz.cri.gns.NZSHM22.opensha.enumTreeBranches.NZSHM22_LogicTreeBranch' to: Logic Tree Branch
Rupture Set:	Mapped module type 'org.opensha.commons.logicTree.LogicTreeBranch' to: Logic Tree Branch
Rupture Set:	Removing available module with type 'org.opensha.sha.earthquake.faultSysSolution.modules.PolygonFaultGridAssociations' as it is assignable from 'org.opensha.sha.earthquake.faultSysSolution.modules.FaultGridAssociations'
Rupture Set:	Removing available module with type 'org.opensha.sha.earthquake.faultSysSolution.modules.FaultGridAssociations' as it is assignable from 'org.opensha.sha.earthquake.faultSysSolution.modules.FaultGridAssociations'
Rupture Set:	Removing module 'NZSHM22_ScalingRelationship Average Slips' with type 'org.opensha.sha.earthquake.faultSysSolution.modules.AveSlipModule$ModelBased' as it is assignable from 'org.opensha.sha.earthquake.faultSysSolution.modules.AveSlipModule$ModelBased'
Rupture Set:	Mapped module type 'org.opensha.sha.earthquake.faultSysSolution.modules.AveSlipModule$ModelBased' to: NZSHM22_ScalingRelationship Average Slips
Rupture Set:	Mapped module type 'org.opensha.sha.earthquake.faultSysSolution.modules.AveSlipModule' to: NZSHM22_ScalingRelationship Average Slips
Rupture Set:	Mapped available module with type: org.opensha.sha.earthquake.faultSysSolution.modules.PolygonFaultGridAssociations
Rupture Set:	Mapped available module with type: org.opensha.sha.earthquake.faultSysSolution.modules.FaultGridAssociations
Rupture Set:	Lazily loading available module...
694       non-singular
List size: 4
Locations: -44.54180, 170.45380, 0.00000
           -44.53334, 170.45970, 0.00000
           -44.53430, 170.45960, 0.00000
           -44.54180, 170.45380, 0.00000
           
List size: 8
Locations: -44.53334, 170.45970, 0.00000
           -44.50700, 170.46245, 0.00000
           -44.45179, 170.44034, 0.00000
           -44.28269, 170.55798, 0.00000
           -44.33790, 170.58020, 0.00000
           -44.36520, 170.57740, 0.00000
           -44.37270, 170.57162, 0.00000
           -44.53334, 170.45970, 0.00000
           
1437      non-singular
List size: 4
Locations: -44.68560, 170.36811, 0.00000
           -44.66889, 170.37579, 0.00000
           -44.68107, 170.37159, 0.00000
           -44.68560, 170.36811, 0.00000
           
List size: 10
Locations: -44.66889, 170.37579, 0.00000
           -44.64207, 170.38504, 0.00000
           -44.61667, 170.36868, 0.00000
           -44.59478, 170.35354, 0.00000
           -44.42641, 170.43084, 0.00000
           -44.44830, 170.44600, 0.00000
           -44.47370, 170.46240, 0.00000
           -44.51270, 170.44900, 0.00000
           -44.51723, 170.44552, 0.00000
           -44.66889, 170.37579, 0.00000
           
1648      non-singular
List size: 4
Locations: -44.65990, 169.83056, 0.00000
           -44.65970, 169.83070, 0.00000
           -44.65928, 169.83111, 0.00000
           -44.65990, 169.83056, 0.00000
           
List size: 4
Locations: -44.65928, 169.83111, 0.00000
           -44.61419, 169.87127, 0.00000
           -44.62080, 169.86950, 0.00000
           -44.65928, 169.83111, 0.00000
           
List size: 10
Locations: -44.63656, 169.85107, 0.00000
           -44.61228, 169.85759, 0.00000
           -44.58950, 169.87790, 0.00000
           -44.50004, 169.95747, 0.00000
           -44.53134, 169.94912, 0.00000
           -44.57024, 169.91037, 0.00000
           -44.57044, 169.91023, 0.00000
           -44.61419, 169.87127, 0.00000
           -44.61328, 169.87152, 0.00000
           -44.63656, 169.85107, 0.00000
           
2089      non-singular
List size: 4
Locations: -38.19010, 179.25870, 0.00000
           -38.11306, 179.19572, 0.00000
           -38.18650, 179.25810, 0.00000
           -38.19010, 179.25870, 0.00000
           
List size: 6
Locations: -38.11306, 179.19572, 0.00000
           -38.09584, 179.18109, 0.00000
           -37.91244, 179.03136, 0.00000
           -38.00310, 179.10818, 0.00000
           -38.00670, 179.10877, 0.00000
           -38.11306, 179.19572, 0.00000
           
2090      non-singular
List size: 4
Locations: -38.09584, 179.18109, 0.00000
           -38.09160, 179.17750, 0.00000
           -38.09147, 179.17753, 0.00000
           -38.09584, 179.18109, 0.00000
           
List size: 12
Locations: -38.09147, 179.17753, 0.00000
           -37.91244, 179.03136, 0.00000
           -37.90820, 179.02778, 0.00000
           -37.87810, 179.03444, 0.00000
           -37.84740, 179.00340, 0.00000
           -37.82480, 179.01544, 0.00000
           -37.81686, 179.02892, 0.00000
           -38.00026, 179.17846, 0.00000
           -38.00820, 179.16500, 0.00000
           -38.03080, 179.15300, 0.00000
           -38.06150, 179.18410, 0.00000
           -38.09147, 179.17753, 0.00000
           
Rupture Set:	Took 2.81 s to load Polygon Fault Association Manager
Rupture Set:	Mapped module type 'scratch.UCERF3.griddedSeismicity.FaultPolyMgr' to: Polygon Fault Association Manager
Rupture Set:	Mapped module type 'org.opensha.sha.earthquake.faultSysSolution.modules.PolygonFaultGridAssociations' to: Polygon Fault Association Manager
Rupture Set:	Mapped module type 'org.opensha.sha.earthquake.faultSysSolution.modules.FaultGridAssociations' to: Polygon Fault Association Manager
665       non-singular
List size: 4
Locations: -44.54180, 170.45380, 0.00000
           -44.53334, 170.45970, 0.00000
           -44.53430, 170.45960, 0.00000
           -44.54180, 170.45380, 0.00000
           
List size: 8
Locations: -44.53334, 170.45970, 0.00000
           -44.50700, 170.46245, 0.00000
           -44.45179, 170.44034, 0.00000
           -44.28269, 170.55798, 0.00000
           -44.33790, 170.58020, 0.00000
           -44.36520, 170.57740, 0.00000
           -44.37270, 170.57162, 0.00000
           -44.53334, 170.45970, 0.00000
           
1388      non-singular
List size: 4
Locations: -44.68560, 170.36811, 0.00000
           -44.66889, 170.37579, 0.00000
           -44.68107, 170.37159, 0.00000
           -44.68560, 170.36811, 0.00000
           
List size: 10
Locations: -44.66889, 170.37579, 0.00000
           -44.64207, 170.38504, 0.00000
           -44.61667, 170.36868, 0.00000
           -44.59478, 170.35354, 0.00000
           -44.42641, 170.43084, 0.00000
           -44.44830, 170.44600, 0.00000
           -44.47370, 170.46240, 0.00000
           -44.51270, 170.44900, 0.00000
           -44.51723, 170.44552, 0.00000
           -44.66889, 170.37579, 0.00000
           
1570      non-singular
List size: 4
Locations: -44.65990, 169.83056, 0.00000
           -44.65970, 169.83070, 0.00000
           -44.65928, 169.83111, 0.00000
           -44.65990, 169.83056, 0.00000
           
List size: 4
Locations: -44.65928, 169.83111, 0.00000
           -44.61419, 169.87127, 0.00000
           -44.62080, 169.86950, 0.00000
           -44.65928, 169.83111, 0.00000
           
List size: 10
Locations: -44.63656, 169.85107, 0.00000
           -44.61228, 169.85759, 0.00000
           -44.58950, 169.87790, 0.00000
           -44.50004, 169.95747, 0.00000
           -44.53134, 169.94912, 0.00000
           -44.57024, 169.91037, 0.00000
           -44.57044, 169.91023, 0.00000
           -44.61419, 169.87127, 0.00000
           -44.61328, 169.87152, 0.00000
           -44.63656, 169.85107, 0.00000
           
1970      non-singular
List size: 4
Locations: -38.19010, 179.25870, 0.00000
           -38.11306, 179.19572, 0.00000
           -38.18650, 179.25810, 0.00000
           -38.19010, 179.25870, 0.00000
           
List size: 6
Locations: -38.11306, 179.19572, 0.00000
           -38.09584, 179.18109, 0.00000
           -37.91244, 179.03136, 0.00000
           -38.00310, 179.10818, 0.00000
           -38.00670, 179.10877, 0.00000
           -38.11306, 179.19572, 0.00000
           
1971      non-singular
List size: 4
Locations: -38.09584, 179.18109, 0.00000
           -38.09160, 179.17750, 0.00000
           -38.09147, 179.17753, 0.00000
           -38.09584, 179.18109, 0.00000
           
List size: 12
Locations: -38.09147, 179.17753, 0.00000
           -37.91244, 179.03136, 0.00000
           -37.90820, 179.02778, 0.00000
           -37.87810, 179.03444, 0.00000
           -37.84740, 179.00340, 0.00000
           -37.82480, 179.01544, 0.00000
           -37.81686, 179.02892, 0.00000
           -38.00026, 179.17846, 0.00000
           -38.00820, 179.16500, 0.00000
           -38.03080, 179.15300, 0.00000
           -38.06150, 179.18410, 0.00000
           -38.09147, 179.17753, 0.00000
           
Rupture Set:	Removing available module with type 'org.opensha.sha.earthquake.faultSysSolution.modules.ModSectMinMags' as it is assignable from 'org.opensha.sha.earthquake.faultSysSolution.modules.ModSectMinMags'
Rupture Set:	Mapped available module with type: org.opensha.sha.earthquake.faultSysSolution.modules.ModSectMinMags
faultSectionData.size() 177
fractionSeisOnFault 0.3872949224458804
totalTargetGR_TVZ after setAllButTotMoRate
     Name: Gutenberg Richter Dist
   Points: 40
     Info: minMag=5.05; maxMag=8.95; numMag=40; bValue=1.2; magLower=5.05; magUpper=8.05; totMoRate=7.4860875E17; totCumRate=0.7

Data[x,y]:
5.05	  0.16902791
5.15	  0.12822078
5.25	  0.09726541
5.35	  0.07378335
5.45	  0.0559704
5.55	  0.04245789
5.65	  0.032207604
5.75	  0.024431966
5.85	  0.01853354
5.95	  0.014059129
6.05	  0.01066494
6.15	  0.008090184
6.25	  0.0061370325
6.35	  0.004655415
6.45	  0.0035314935
6.55	  0.0026789117
6.65	  0.0020321624
6.75	  0.0015415528
6.85	  0.0011693874
6.95	  8.870711E-4
7.05	  6.729122E-4
7.15	  5.104561E-4
7.25	  3.8722056E-4
7.35	  2.9373684E-4
7.45	  2.2282217E-4
7.55	  1.690279E-4
7.65	  1.2822078E-4
7.75	  9.726541E-5
7.85	  7.3783354E-5
7.95	  5.59704E-5
8.05	  4.245789E-5
8.15	  0.0
8.25	  0.0
8.35	  0.0
8.45	  0.0
8.55	  0.0
8.65	  0.0
8.75	  0.0
8.85	  0.0
8.95	  0.0



trulyOffFaultMFD_TVZ (TriLinearCharOffFaultTargetMFD)
     Name: offFaultMFD
   Points: 40
     Info: (rate(M>=5)=0.43272528; totMoRate=3.2274948363825152E17)

Data[x,y]:
5.05	  0.1045999
5.15	  0.07934713
5.25	  0.060190957
5.35	  0.045659512
5.45	  0.03463628
5.55	  0.026274307
5.65	  0.0199311
5.75	  0.015119285
5.85	  0.011469151
5.95	  0.00870024
6.05	  0.006599807
6.15	  0.005006466
6.25	  0.0037977928
6.35	  0.0028809204
6.45	  0.0021854017
6.55	  0.0016577967
6.65	  0.0012575673
6.75	  9.539624E-4
6.85	  7.2554755E-4
6.95	  5.2433537E-4
7.05	  3.7646026E-4
7.15	  2.681757E-4
7.25	  1.8921275E-4
7.35	  1.3191157E-4
7.45	  9.056771E-5
7.55	  6.0940685E-5
7.65	  3.988465E-5
7.75	  2.5071196E-5
7.85	  1.4781404E-5
7.95	  7.750046E-6
8.05	  3.0489823E-6
8.15	  0.0
8.25	  0.0
8.35	  0.0
8.45	  0.0
8.55	  0.0
8.65	  0.0
8.75	  0.0
8.85	  0.0
8.95	  0.0



totalSubSeismoOnFaultMFD_TVZ (SummedMagFreqDist)
     Name: Summed Dist
   Points: 40
     Info: Sum of these Incremental Mag-Freq Dists

Data[x,y]:
5.05	  0.066142306
5.15	  0.05017407
5.25	  0.038060922
5.35	  0.028872164
5.45	  0.021901775
5.55	  0.016614195
5.65	  0.012603156
5.75	  0.009560471
5.85	  0.0072523593
5.95	  0.0055014775
6.05	  0.0041732974
6.15	  0.0031657699
6.25	  0.0024014818
6.35	  0.0018217104
6.45	  0.0013819087
6.55	  6.896732E-4
6.65	  4.718895E-4
6.75	  2.39559E-4
6.85	  3.532042E-5
6.95	  2.5994717E-5
7.05	  1.6943593E-5
7.15	  0.0
7.25	  0.0
7.35	  0.0
7.45	  0.0
7.55	  0.0
7.65	  0.0
7.75	  0.0
7.85	  0.0
7.95	  0.0
8.05	  0.0
8.15	  0.0
8.25	  0.0
8.35	  0.0
8.45	  0.0
8.55	  0.0
8.65	  0.0
8.75	  0.0
8.85	  0.0
8.95	  0.0



targetOnFaultSupraSeisMFD_TVZ (SummedMagFreqDist)
     Name: Incremental Mag Freq Dist
   Points: 40
     Info: null

Data[x,y]:
5.05	  1.0E-20
5.15	  1.0E-20
5.25	  1.0E-20
5.35	  1.0E-20
5.45	  1.0E-20
5.55	  1.0E-20
5.65	  1.0E-20
5.75	  1.0E-20
5.85	  1.0E-20
5.95	  1.0E-20
6.05	  1.0E-20
6.15	  1.0E-20
6.25	  1.0E-20
6.35	  1.0E-20
6.45	  1.0E-20
6.55	  3.3144193E-4
6.65	  3.027055E-4
6.75	  3.480314E-4
6.85	  4.0851944E-4
6.95	  3.3674098E-4
7.05	  2.7950836E-4
7.15	  2.4228042E-4
7.25	  1.9800781E-4
7.35	  1.6182527E-4
7.45	  1.3225447E-4
7.55	  1.08087224E-4
7.65	  8.833613E-5
7.75	  7.219421E-5
7.85	  5.900195E-5
7.95	  4.8220354E-5
8.05	  3.9408907E-5
8.15	  1.0E-20
8.25	  1.0E-20
8.35	  1.0E-20
8.45	  1.0E-20
8.55	  1.0E-20
8.65	  1.0E-20
8.75	  1.0E-20
8.85	  1.0E-20
8.95	  1.0E-20



faultSectionData.size() 2532
fractionSeisOnFault 0.6877248166406176
totalTargetGR_SansTVZ after setAllButTotMoRate
     Name: Gutenberg Richter Dist
   Points: 40
     Info: minMag=5.05; maxMag=8.95; numMag=40; bValue=0.9; magLower=5.05; magUpper=8.95; totMoRate=5.19953E19; totCumRate=3.9

Data[x,y]:
5.05	  0.7301444
5.15	  0.5934836
5.25	  0.4824016
5.35	  0.39211076
5.45	  0.3187196
5.55	  0.259065
5.65	  0.21057594
5.75	  0.17116255
5.85	  0.13912615
5.95	  0.11308598
6.05	  0.091919735
6.15	  0.07471517
6.25	  0.060730767
6.35	  0.049363818
6.45	  0.04012442
6.55	  0.03261435
6.65	  0.02650994
6.75	  0.021548089
6.85	  0.017514944
6.95	  0.014236681
7.05	  0.011572009
7.15	  0.009406081
7.25	  0.00764555
7.35	  0.0062145367
7.45	  0.005051365
7.55	  0.0041059037
7.65	  0.0033374038
7.75	  0.0027127436
7.85	  0.0022050007
7.95	  0.001792292
8.05	  0.0014568296
8.15	  0.0011841556
8.25	  9.6251775E-4
8.35	  7.823638E-4
8.45	  6.359292E-4
8.55	  5.1690266E-4
8.65	  4.2015425E-4
8.75	  3.4151418E-4
8.85	  2.7759315E-4
8.95	  2.2563619E-4



trulyOffFaultMFD_SansTVZ (TriLinearCharOffFaultTargetMFD)
     Name: offFaultMFD
   Points: 40
     Info: (rate(M>=5)=1.2235384; totMoRate=2.6038521252552586E18)

Data[x,y]:
5.05	  0.23028603
5.15	  0.18718351
5.25	  0.15214847
5.35	  0.12367092
5.45	  0.1005235
5.55	  0.081708565
5.65	  0.06641522
5.75	  0.053984314
5.85	  0.043880098
5.95	  0.035667084
6.05	  0.028991293
6.15	  0.02356501
6.25	  0.019154359
6.35	  0.015569246
6.45	  0.0126551585
6.55	  0.010286499
6.65	  0.00836118
6.75	  0.0067962226
6.85	  0.005524177
6.95	  0.0046415804
7.05	  0.0035121124
7.15	  0.0026357588
7.25	  0.0019584703
7.35	  0.0014373823
7.45	  0.0010385495
7.55	  7.351335E-4
7.65	  5.0595263E-4
7.75	  3.343211E-4
7.85	  2.071229E-4
7.95	  1.1407199E-4
8.05	  4.7122714E-5
8.15	  0.0
8.25	  0.0
8.35	  0.0
8.45	  0.0
8.55	  0.0
8.65	  0.0
8.75	  0.0
8.85	  0.0
8.95	  0.0



totalSubSeismoOnFaultMFD_SansTVZ (SummedMagFreqDist)
     Name: Summed Dist
   Points: 40
     Info: Sum of these Incremental Mag-Freq Dists

Data[x,y]:
5.05	  0.5118909
5.15	  0.4160805
5.25	  0.33820292
5.35	  0.27490166
5.45	  0.22344847
5.55	  0.18162572
5.65	  0.14763093
5.75	  0.11999893
5.85	  0.09753879
5.95	  0.07928251
6.05	  0.06444324
6.15	  0.052381434
6.25	  0.042577226
6.35	  0.03460807
6.45	  0.028130496
6.55	  0.022865325
6.65	  0.018585633
6.75	  0.01510697
6.85	  0.005532244
6.95	  0.0028398181
7.05	  0.0015695889
7.15	  0.0010710984
7.25	  7.23532E-4
7.35	  5.065058E-4
7.45	  3.007925E-4
7.55	  1.8606773E-4
7.65	  9.740498E-5
7.75	  0.0
7.85	  0.0
7.95	  0.0
8.05	  0.0
8.15	  0.0
8.25	  0.0
8.35	  0.0
8.45	  0.0
8.55	  0.0
8.65	  0.0
8.75	  0.0
8.85	  0.0
8.95	  0.0



targetOnFaultSupraSeisMFD_SansTVZ (SummedMagFreqDist)
     Name: Incremental Mag Freq Dist
   Points: 40
     Info: null

Data[x,y]:
5.05	  1.0E-20
5.15	  1.0E-20
5.25	  1.0E-20
5.35	  1.0E-20
5.45	  1.0E-20
5.55	  1.0E-20
5.65	  1.0E-20
5.75	  1.0E-20
5.85	  1.0E-20
5.95	  1.0E-20
6.05	  1.0E-20
6.15	  1.0E-20
6.25	  1.0E-20
6.35	  1.0E-20
6.45	  1.0E-20
6.55	  1.0E-20
6.65	  1.0E-20
6.75	  1.0E-20
6.85	  0.0064585228
6.95	  0.006755282
7.05	  0.0064903074
7.15	  0.005699225
7.25	  0.004963548
7.35	  0.0042706486
7.45	  0.0037120231
7.55	  0.0031847025
7.65	  0.0027340462
7.75	  0.0023784225
7.85	  0.0019978778
7.95	  0.00167822
8.05	  0.0014097069
8.15	  0.0011841556
8.25	  9.6251775E-4
8.35	  7.823638E-4
8.45	  6.359292E-4
8.55	  5.1690266E-4
8.65	  4.2015425E-4
8.75	  3.4151418E-4
8.85	  2.7759315E-4
8.95	  2.2563619E-4



tvz pdf fraction: 1.0000000000000002
sans tvz pdf fraction: 0.9999999999999971
combined: 1.9999999999999973
trulyOffFaultMFD.all
     Name: trulyOffFaultMFD.all
   Points: 40
     Info: null

Data[x,y]:
5.05	  0.33488593
5.15	  0.26653066
5.25	  0.21233943
5.35	  0.16933043
5.45	  0.13515978
5.55	  0.107982874
5.65	  0.08634632
5.75	  0.0691036
5.85	  0.05534925
5.95	  0.044367325
6.05	  0.035591103
6.15	  0.028571473
6.25	  0.02295215
6.35	  0.018450167
6.45	  0.01484056
6.55	  0.011944296
6.65	  0.009618748
6.75	  0.007750185
6.85	  0.006249725
6.95	  0.005165916
7.05	  0.0038885726
7.15	  0.0029039343
7.25	  0.0021476832
7.35	  0.0015692939
7.45	  0.0011291171
7.55	  7.9607416E-4
7.65	  5.458373E-4
7.75	  3.593923E-4
7.85	  2.219043E-4
7.95	  1.21822035E-4
8.05	  5.0171697E-5
8.15	  0.0
8.25	  0.0
8.35	  0.0
8.45	  0.0
8.55	  0.0
8.65	  0.0
8.75	  0.0
8.85	  0.0
8.95	  0.0



totalTargetGR.all
     Name: totalTargetGR.all
   Points: 40
     Info: minMag=5.05; maxMag=8.95; numMag=40; bValue=0.0; magLower=5.05; magUpper=0.0; totMoRate=5.2743907E19; totCumRate=4.6

Data[x,y]:
5.05	  0.8991723
5.15	  0.7217044
5.25	  0.57966703
5.35	  0.4658941
5.45	  0.37469
5.55	  0.3015229
5.65	  0.24278355
5.75	  0.19559452
5.85	  0.15765968
5.95	  0.12714511
6.05	  0.102584675
6.15	  0.08280535
6.25	  0.0668678
6.35	  0.054019235
6.45	  0.043655913
6.55	  0.035293262
6.65	  0.028542103
6.75	  0.023089642
6.85	  0.018684331
6.95	  0.015123752
7.05	  0.012244921
7.15	  0.009916538
7.25	  0.008032771
7.35	  0.0065082735
7.45	  0.0052741873
7.55	  0.0042749317
7.65	  0.0034656245
7.75	  0.002810009
7.85	  0.002278784
7.95	  0.0018482624
8.05	  0.0014992874
8.15	  0.0011841556
8.25	  9.6251775E-4
8.35	  7.823638E-4
8.45	  6.359292E-4
8.55	  5.1690266E-4
8.65	  4.2015425E-4
8.75	  3.4151418E-4
8.85	  2.7759315E-4
8.95	  2.2563619E-4



totalSubSeismoOnFaultMFD.all
     Name: totalSubSeismoOnFaultMFD.all
   Points: 40
     Info: Sum of these Incremental Mag-Freq Dists

Data[x,y]:
5.05	  0.57803315
5.15	  0.4662546
5.25	  0.37626386
5.35	  0.30377382
5.45	  0.24535024
5.55	  0.19823992
5.65	  0.1602341
5.75	  0.1295594
5.85	  0.10479115
5.95	  0.084783986
6.05	  0.06861654
6.15	  0.055547204
6.25	  0.044978708
6.35	  0.03642978
6.45	  0.029512404
6.55	  0.023554998
6.65	  0.019057523
6.75	  0.015346529
6.85	  0.0055675646
6.95	  0.0028658127
7.05	  0.0015865325
7.15	  0.0010710984
7.25	  7.23532E-4
7.35	  5.065058E-4
7.45	  3.007925E-4
7.55	  1.8606773E-4
7.65	  9.740498E-5
7.75	  0.0
7.85	  0.0
7.95	  0.0
8.05	  0.0
8.15	  0.0
8.25	  0.0
8.35	  0.0
8.45	  0.0
8.55	  0.0
8.65	  0.0
8.75	  0.0
8.85	  0.0
8.95	  0.0



Rupture Set:	Removing available module with type 'org.opensha.sha.earthquake.faultSysSolution.modules.InversionTargetMFDs' as it is assignable from 'org.opensha.sha.earthquake.faultSysSolution.modules.InversionTargetMFDs'
Rupture Set:	Removing available module with type 'scratch.UCERF3.inversion.U3InversionTargetMFDs' as it is assignable from 'org.opensha.sha.earthquake.faultSysSolution.modules.InversionTargetMFDs'
Rupture Set:	Mapped module type 'nz.cri.gns.NZSHM22.opensha.inversion.NZSHM22_CrustalInversionTargetMFDs' to: NZSHM22 Crustal Inversion Target MFDs
Rupture Set:	Mapped module type 'scratch.UCERF3.inversion.U3InversionTargetMFDs' to: NZSHM22 Crustal Inversion Target MFDs
Rupture Set:	Mapped module type 'org.opensha.sha.earthquake.faultSysSolution.modules.InversionTargetMFDs' to: NZSHM22 Crustal Inversion Target MFDs
Alpine George to Jacksons - Hokuri Creek sections -> Alpine: George to Jacksons, Subsection 4, 0.16550441952475453
Akatore - Big Creek trench -> Akatore, Subsection 1, 0.19536514870090177
Alpine George to Jacksons - Lake Ellery cores -> Alpine: George to Jacksons, Subsection 10, 3.2017509747711386
Alpine George to Jacksons - John O'Groats Wetland -> Alpine: George to Jacksons, Subsection 3, 0.060620302352234846
Alpine Jacksons to Kaniere - Lake Paringa cores -> Alpine: Jacksons to Kaniere, Subsection 5, 4.374200704791737
Alpine Jacksons to Kaniere - Lake Mapourika cores -> Alpine: Jacksons to Kaniere, Subsection 13, 5.249529245679511
Alpine Jacksons to Kaniere - Staples 2 trench -> Alpine: Jacksons to Kaniere, Subsection 20, 0.15466806180468307
Alpine Jacksons to Kaniere - Staples 3 trench -> Alpine: Jacksons to Kaniere, Subsection 20, 0.18418585609582835
Alpine Jacksons to Kaniere - Haast South trench -> Alpine: Jacksons to Kaniere, Subsection 2, 0.03162510662694654
Alpine Kaniere to Springs Junction - Lake Kaniere cores -> Alpine: Kaniere to Springs Junction, Subsection 9, 0.0022731563093730846
Alpine Kaniere to Springs Junction - Lake Brunner cores -> Alpine: Kaniere to Springs Junction, Subsection 6, 0.0016815515752315277
Alpine Springs Junction to Tophouse - Maruia Trench-1 -> Alpine: Springs Junction to Tophouse, Subsection 0, 0.048526018480891074
Alpine Springs Junction to Tophouse - Maruia Trench-2 -> Alpine: Springs Junction to Tophouse, Subsection 0, 0.05575635482655457
Awatere Northeast 1 - Upcot 1 trench -> Awatere: Northeast 1, Subsection 2, 0.22470802973262233
Clarence Northeast - Ravine Stream exposure -> Clarence: Northeast, Subsection 3, 0.010135785489882894
Cloudy 2 - Cloudy seismic lines -> Cloudy 2, Subsection 0, 0.0033057216008771603
Dunstan - T04/2 -> Dunstan, Subsection 2, 0.41351702759746495
Te Ikaarongamai - Pakarae River mouth -> Te Ikaarongamai, Subsection 2, 4.323906636937485E-4
Gable End North - Puatai Beach trench -> Gable End North, Subsection 2, 9.165968640383069E-4
Hohonu South - Lower Mikonui River exposure -> Hohonu South, Subsection 7, 0.2533937458989641
Inglewood - Egmont Road trenches -> Inglewood, Subsection 1, 0.20874800463495105
Inglewood - Everett Park trench -> Inglewood, Subsection 0, 0.3796281538911876
Kaiapo - Te Mihi outcrop -> Kaiapo, Subsection 2, 0.34285355391250016
Kaiapo - Lilburn trench fault zone A -> Kaiapo, Subsection 2, 0.21576045116131998
Kekerengu 1 - Kekerengu Trench 1 -> Kekerengu 1, Subsection 0, 0.0064175938766717275
Kina - Kina Fault trench -> Kina, Subsection 0, 0.105963360905193
Lachlan 3 - Table Cape trenches -> Lachlan 3, Subsection 4, 3.6697731241284326
Maleme - Huffadine trench -> Maleme, Subsection 0, 0.4897754728758476
Mohaka South - McCool 1 Trench -> Mohaka: South, Subsection 8, 0.05650176883116384
Mokonui Southwest - Viewfield Trench -> Mokonui Southwest, Subsection 2, 0.05422241182882912
Oaonui - Oaonui coastal cliff exposure -> Oaonui, Subsection 0, 0.32989602587471417
Ohariu - Taupo Swamp -> Ohariu, Subsection 3, 0.0014503928334007822
Ohariu - MacKays Crossing Trench -> Ohariu, Subsection 1, 0.005915531923953239
Pihama - Pihama coastal cliff exposure -> Pihama, Subsection 2, 0.3168186627486369
Porters Pass - Porters Pass Trench 1 -> Porters Pass, Subsection 1, 0.5523584611548177
Poutu - Poutu transect 6- fault 6d -> Poutu, Subsection 2, 0.5743368080454732
Ruahine North - Davis Trenches -> Ruahine: North, Subsection 2, 0.03857117397688378
Titri Central - Clarendon T16/03 trench -> Titri Central, Subsection 1, 0.11634798759940188
Waihi South - Waihi transect 12- fault 5a -> Waihi South, Subsection 0, 0.167748603996328
Waihi South - Waihi transect 14- fault 6b -> Waihi South, Subsection 0, 0.08845914849978988
Waimana North - Moana trench -> Waimana: North, Subsection 3, 0.14340010962989486
Waimana North - Te Hoe / Hautapu Trench -> Waimana: South, Subsection 0, 0.2215942811862037
Waimana North - Ahirau 1 trench -> Waimana: North, Subsection 5, 0.20852592908445872
Waipukaka - Hendricksen Trench 1 -> Waipukaka, Subsection 1, 0.0444789003308656
Wairarapa - Turakirae Head -> Wairarapa: 1, Subsection 2, 0.4630795316617653
Wairarapa - Lake Kohangapiripiri KP99-1&2 -> Wairarapa: 1, Subsection 2, 3.839717812990487E-4
Wairarapa 3 - Tea Creek Road -> Wairarapa: 3, Subsection 1, 0.07052687357527875
Wairau - Wadsworth Trench -> Wairau, Subsection 6, 0.03260043780850129
Wairau - Dillon Trench -> Wairau, Subsection 5, 0.18051078174659968
Wairau 2 - Wairau seismic lines -> Wairau 2, Subsection 1, 0.7703722563071919
Wellington Hutt Valley 3 - Te Kopahou-1 Trenches -> Wellington Hutt Valley: 3, Subsection 1, 0.05381930764949922
Wellington Hutt Valley 5 - KAF-1 -> Wellington Hutt Valley: 5, Subsection 0, 0.15294479350489504
Wellington Hutt Valley 5 - KAF-3 -> Wellington Hutt Valley: 5, Subsection 0, 0.1898072210444192
Wellington Pahiatua - Dougan-1 -> Wellington: Pahiatua, Subsection 3, 0.17362661881281435
Wellington Pahiatua - Hughes-1 Trench -> Wellington: Pahiatua, Subsection 1, 0.1317090140287818
Wellington Pahiatua - Dougan-2 -> Wellington: Pahiatua, Subsection 3, 0.16711153241100152
Whakatane North - Te Whetu trench -> Whakatane: North, Subsection 2, 0.13667150065177266
Whakatane South - Thalassa trench -> Whakatane: South, Subsection 3, 0.03720023589202575
Awatere Northeast 1 - Combined Taylors Pass Road trenches and Lake Jasper cores -> Awatere: Northeast 1, Subsection 7, 0.005082104872727866
Hope Conway - Combined Greenburn East and West trenches -> Hope: Conway, Subsection 3, 0.002873927155333092
Hope Hope River - Hope Shelter trenches combined -> Hope: Hope River, Subsection 2, 0.40625139194454785
Paeroa - Combined Paeroa trenches -> Paeroa, Subsection 1, 4.6845318290547546E-4
Poukawa - Combined Poukawa trenches -> Waipukurau - Poukawa, Subsection 2, 0.002385220405631376
Wairarapa 2 - Cross Creek South combined (1- 4) -> Wairarapa: 2, Subsection 1, 0.038256169386727226
Wairarapa 2 - Cross Creek North combined (2- 3) -> Wairarapa: 2, Subsection 1, 0.01958733079217404
Edgecumbe 1987_5294-5308_Combined -> Edgecumbe 1987, Subsection 1, 7.869582213367654E-4
Flaxmore - Waimea - Tahunanui_5507_Wairoa-2 trench -> Flaxmore - Waimea - Tahunanui, Subsection 6, 1.1605829251162687
Fox Peak_4035_Trench 4 -> Fox Peak, Subsection 1, 0.09574417198053711
Hope Conway_666-675_Combined -> Hope: Conway, Subsection 4, 0.003117483862236354
Hope Hope River_648_Matagouri Flat -> Hope: Hope River, Subsection 4, 0.5726223352906897
The Humps_5565-5696_Combined -> The Humps, Subsection 1, 0.003470253069374892
Wairau_5519-5522_Combined Zinke -> Wairau, Subsection 6, 0.005217626965466522
Waitawhiti_5369-5379_Combined -> Waitawhiti, Subsection 1, 1.6641071293593249E-4
Whitemans Valley_1023_Whitemans Valley trench -> Whitemans Valley, Subsection 2, 0.018161793831887995
buildConstraints
================
config.getSlipRateWeightingType(): BOTH
config.getSlipRateConstraintWt_normalized(): 1000.0
config.getSlipRateConstraintWt_unnormalized(): 100000.0
config.getMinimizationConstraintWt(): 10000.0
config.getMagnitudeEqualityConstraintWt(): 20000.0
config.getMagnitudeInequalityConstraintWt(): 20000.0
config.getNucleationMFDConstraintWt():0.0
Rupture Set:	Lazily loading available module...
Rupture Set:	Took 0 s to load Modified Section Minimum Magnitudes
Rupture Set:	Mapped module type 'org.opensha.sha.earthquake.faultSysSolution.modules.ModSectMinMags$Precomputed' to: Modified Section Minimum Magnitudes
Rupture Set:	Mapped module type 'org.opensha.sha.earthquake.faultSysSolution.modules.ModSectMinMags' to: Modified Section Minimum Magnitudes
Generating inversion inputs with 507755 ruptures and 7 constraints
Calculating constraint row counts
	NormSlipRate: [0..2709), 2709 rows (took 0 ms)
	UnnormSlipRate: [2709..5418), 2709 rows (took 0 ms)
	PaleoRate: [5418..5492), 74 rows (took 0 ms)
	LaplaceSmooth: [5492..5665), 173 rows (took 15 ms)
	RateMinimize: [5665..6867), 1202 rows (took 0 ms)
	NormMFDEquality: [6867..6907), 40 rows (took 40 ms)
	NormMFDInequality: [0..18), 18 rows (took 32 ms)
Took 100 ms to get row counts
Building A matrix with 6907 rows and 507755 columns
Building A inequality matrix with 18 rows and 507755 columns
Encoding matrices
	Encoding Normalized Slip Rate, ineq=false
		DONE, took 8.3 s to encode 16579729 values (density: 1.2 %)
	Encoding Unnormlized Slip Rate, ineq=false
		DONE, took 3.0 s to encode 16579729 values (density: 1.2 %)
	Encoding Paleoseismic Event Rate, ineq=false
		DONE, took 4.4 s to encode 1485897 values (density: 4.0 %)
	Encoding Laplacian Smoothing (51 parents), ineq=false
		DONE, took 787 ms to encode 596584 values (density: 0.7 %)
	Encoding Rupture Rate Minimization, ineq=false
		DONE, took 0 ms to encode 1202 values (density: 0.0 %)
	Encoding Normalized MFD Equality, ineq=false
		DONE, took 1.2 s to encode 149322 values (density: 0.7 %)
	Encoding Normalized MFD Inequality, ineq=true
		DONE, took 51 ms to encode 429422 values (density: 4.7 %)
DONE encoding, took 17.7 s to encode 35821885 values (density: 1.0 %)
Took 17.9 s to generate inputs
Threaded Simulated Annealing starting with 4 threads, org.opensha.sha.earthquake.faultSysSolution.inversion.sa.completion.CompoundCompletionCriteria@5e9c5925, SUB: TimeCompletionCriteria(milis: 30000 = 30.0 seconds)
Threaded total round 1 DONE after 30.4 secs, 7,972,987 total iterations (261,899 /sec).
26,124/507,755 = 5.15% non-zero rates.	Best energy after 231,682 total perturbations:
	Total:	6.6560691E9	Equality:	6.6424233E9	Inequality:	1.3645496E7	NormSlipRate:	3.66291072E8
	UnnormSlipRate:	9.4562792E7	PaleoRate:	1.35433008E8	LaplaceSmooth:	12.681703	RateMinimize:	2.69475E-5
	NormMFDEquality:	6.0461368E9	NormMFDInequality:	1.3645496E7
Threaded total round 2 DONE after 1 min 1.5 secs, 17,647,042 total iterations (286,939 /sec).
33,568/507,755 = 6.61% non-zero rates.	Best energy after 817,420 total perturbations:
	Total:	6.3685709E9 (-4.32%)	Equality:	6.3639245E9 (-4.19%)	Inequality:	4646340.5 (-65.95%)	NormSlipRate:	2.16060384E8 (-41.01%)
	UnnormSlipRate:	4.5906852E7 (-51.45%)	PaleoRate:	9.8307376E7 (-27.41%)	LaplaceSmooth:	5.655516 (-55.40%)	RateMinimize:	0.0023877164 (+8760.62%)
	NormMFDEquality:	6.00365E9 (-0.70%)	NormMFDInequality:	4646340.5 (-65.95%)
Threaded total round 3 DONE after 1 min 32.5 secs, 25,217,005 total iterations (272,663 /sec).
30,864/507,755 = 6.08% non-zero rates.	Best energy after 1,311,715 total perturbations:
	Total:	6.312386E9 (-0.88%)	Equality:	6.3093012E9 (-0.86%)	Inequality:	3084870.2 (-33.61%)	NormSlipRate:	1.8682768E8 (-13.53%)
	UnnormSlipRate:	3.3900636E7 (-26.15%)	PaleoRate:	8.6422576E7 (-12.09%)	LaplaceSmooth:	5.09193 (-9.97%)	RateMinimize:	1.7050435E-4 (-92.86%)
	NormMFDEquality:	6.0021504E9 (-0.02%)	NormMFDInequality:	3084870.2 (-33.61%)
Threaded total round 4 DONE after 2 mins 3.5 secs, 34,751,388 total iterations (281,363 /sec).
25,336/507,755 = 4.99% non-zero rates.	Best energy after 1,736,537 total perturbations:
	Total:	6.2870902E9 (-0.40%)	Equality:	6.2845297E9 (-0.39%)	Inequality:	2560809.2 (-16.99%)	NormSlipRate:	1.73957856E8 (-6.89%)
	UnnormSlipRate:	2.9466194E7 (-13.08%)	PaleoRate:	7.9263808E7 (-8.28%)	LaplaceSmooth:	5.3253894 (+4.58%)	RateMinimize:	1.5147257E-4 (-11.16%)
	NormMFDEquality:	6.0018417E9 (-0.01%)	NormMFDInequality:	2560809.2 (-16.99%)
Threaded total round 5 DONE after 2 mins 34.5 secs, 43,114,897 total iterations (279,037 /sec).
21,642/507,755 = 4.26% non-zero rates.	Best energy after 2,110,321 total perturbations:
	Total:	6.2711921E9 (-0.25%)	Equality:	6.2690248E9 (-0.25%)	Inequality:	2167353.8 (-15.36%)	NormSlipRate:	1.66187616E8 (-4.47%)
	UnnormSlipRate:	2.6822082E7 (-8.97%)	PaleoRate:	7.442304E7 (-6.11%)	LaplaceSmooth:	5.799491 (+8.90%)	RateMinimize:	1.1240668E-4 (-25.79%)
	NormMFDEquality:	6.0015918E9 (-0.00%)	NormMFDInequality:	2167353.8 (-15.36%)
Threaded total round 6 DONE after 3 mins 5.5 secs, 50,592,554 total iterations (272,718 /sec).
18,866/507,755 = 3.72% non-zero rates.	Best energy after 2,427,801 total perturbations:
	Total:	6.2608609E9 (-0.16%)	Equality:	6.2588897E9 (-0.16%)	Inequality:	1971253.8 (-9.05%)	NormSlipRate:	1.60783008E8 (-3.25%)
	UnnormSlipRate:	2.5432916E7 (-5.18%)	PaleoRate:	7.1213008E7 (-4.31%)	LaplaceSmooth:	6.2876105 (+8.42%)	RateMinimize:	8.185883E-7 (-99.27%)
	NormMFDEquality:	6.0014607E9 (-0.00%)	NormMFDInequality:	1971253.8 (-9.05%)
Threaded total round 7 DONE after 3 mins 36.5 secs, 58,961,185 total iterations (272,288 /sec).
17,013/507,755 = 3.35% non-zero rates.	Best energy after 2,708,761 total perturbations:
	Total:	6.2529731E9 (-0.13%)	Equality:	6.2511959E9 (-0.12%)	Inequality:	1777316.4 (-9.84%)	NormSlipRate:	1.56898624E8 (-2.42%)
	UnnormSlipRate:	2.4274686E7 (-4.55%)	PaleoRate:	6.863268E7 (-3.62%)	LaplaceSmooth:	6.6278505 (+5.41%)	RateMinimize:	1.4856544E-6 (+81.49%)
	NormMFDEquality:	6.0013896E9 (-0.00%)	NormMFDInequality:	1777316.4 (-9.84%)
Threaded total round 8 DONE after 4 mins 7.5 secs, 67,410,344 total iterations (272,353 /sec).
15,588/507,755 = 3.07% non-zero rates.	Best energy after 2,952,658 total perturbations:
	Total:	6.2475274E9 (-0.09%)	Equality:	6.2458143E9 (-0.09%)	Inequality:	1712929.4 (-3.62%)	NormSlipRate:	1.54043696E8 (-1.82%)
	UnnormSlipRate:	2.3437556E7 (-3.45%)	PaleoRate:	6.7066472E7 (-2.28%)	LaplaceSmooth:	7.146442 (+7.82%)	RateMinimize:	1.08733E-5 (+631.89%)
	NormMFDEquality:	6.0012667E9 (-0.00%)	NormMFDInequality:	1712929.4 (-3.62%)
Threaded total round 9 DONE after 4 mins 38.5 secs, 75,338,175 total iterations (270,519 /sec).
14,946/507,755 = 2.94% non-zero rates.	Best energy after 3,180,855 total perturbations:
	Total:	6.2429286E9 (-0.07%)	Equality:	6.2413102E9 (-0.07%)	Inequality:	1618392.8 (-5.52%)	NormSlipRate:	1.51672384E8 (-1.54%)
	UnnormSlipRate:	2.2738592E7 (-2.98%)	PaleoRate:	6.5613776E7 (-2.17%)	LaplaceSmooth:	7.5530543 (+5.69%)	RateMinimize:	6.3437757E-9 (-99.94%)
	NormMFDEquality:	6.0012851E9 (+0.00%)	NormMFDInequality:	1618392.8 (-5.52%)
Threaded total round 10 DONE after 5 mins 9.5 secs, 83,379,698 total iterations (269,389 /sec).
14,513/507,755 = 2.86% non-zero rates.	Best energy after 3,400,085 total perturbations:
	Total:	6.2389217E9 (-0.06%)	Equality:	6.237375E9 (-0.06%)	Inequality:	1546638.5 (-4.43%)	NormSlipRate:	1.49549648E8 (-1.40%)
	UnnormSlipRate:	2.2171586E7 (-2.49%)	PaleoRate:	6.4435604E7 (-1.80%)	LaplaceSmooth:	7.9404697 (+5.13%)	RateMinimize:	7.4995015E-9 (+18.22%)
	NormMFDEquality:	6.001218E9 (-0.00%)	NormMFDInequality:	1546638.5 (-4.43%)
Threaded total round 11 DONE after 5 mins 40.6 secs, 93,159,897 total iterations (273,541 /sec).
13,639/507,755 = 2.69% non-zero rates.	Best energy after 3,625,272 total perturbations:
	Total:	6.2352671E9 (-0.06%)	Equality:	6.2337884E9 (-0.06%)	Inequality:	1478923.9 (-4.38%)	NormSlipRate:	1.47731632E8 (-1.22%)
	UnnormSlipRate:	2.164353E7 (-2.38%)	PaleoRate:	6.3197568E7 (-1.92%)	LaplaceSmooth:	8.5461645 (+7.63%)	RateMinimize:	2.1558553E-9 (-71.25%)
	NormMFDEquality:	6.0012155E9 (-0.00%)	NormMFDInequality:	1478923.9 (-4.38%)
Threaded total round 12 DONE after 6 mins 11.6 secs, 101,538,405 total iterations (273,278 /sec).
12,720/507,755 = 2.51% non-zero rates.	Best energy after 3,828,715 total perturbations:
	Total:	6.2324429E9 (-0.05%)	Equality:	6.2309719E9 (-0.05%)	Inequality:	1471181.1 (-0.52%)	NormSlipRate:	1.46193088E8 (-1.04%)
	UnnormSlipRate:	2.1182934E7 (-2.13%)	PaleoRate:	6.2456812E7 (-1.17%)	LaplaceSmooth:	8.890137 (+4.02%)	RateMinimize:	3.2868774E-36 (-100.00%)
	NormMFDEquality:	6.0011392E9 (-0.00%)	NormMFDInequality:	1471181.1 (-0.52%)
Threaded total round 13 DONE after 6 mins 42.6 secs, 110,881,407 total iterations (275,439 /sec).
11,539/507,755 = 2.27% non-zero rates.	Best energy after 4,022,290 total perturbations:
	Total:	6.2298808E9 (-0.04%)	Equality:	6.228482E9 (-0.04%)	Inequality:	1398881.1 (-4.91%)	NormSlipRate:	1.45000688E8 (-0.82%)
	UnnormSlipRate:	2.0770336E7 (-1.95%)	PaleoRate:	6.1567308E7 (-1.42%)	LaplaceSmooth:	9.218074 (+3.69%)	RateMinimize:	1.5255493E-7 (+4641333050087647000000000000000.00%)
	NormMFDEquality:	6.0011438E9 (+0.00%)	NormMFDInequality:	1398881.1 (-4.91%)
Threaded total round 14 DONE after 7 mins 13.6 secs, 119,738,975 total iterations (276,155 /sec).
10,920/507,755 = 2.15% non-zero rates.	Best energy after 4,192,321 total perturbations:
	Total:	6.2278431E9 (-0.03%)	Equality:	6.2264643E9 (-0.03%)	Inequality:	1378985.8 (-1.42%)	NormSlipRate:	1.44107568E8 (-0.62%)
	UnnormSlipRate:	2.0504696E7 (-1.28%)	PaleoRate:	6.0761192E7 (-1.31%)	LaplaceSmooth:	9.678214 (+4.99%)	RateMinimize:	9.618003E-8 (-36.95%)
	NormMFDEquality:	6.0010906E9 (-0.00%)	NormMFDInequality:	1378985.8 (-1.42%)
Threaded total round 15 DONE after 7 mins 44.6 secs, 130,513,002 total iterations (280,916 /sec).
10,563/507,755 = 2.08% non-zero rates.	Best energy after 4,343,066 total perturbations:
	Total:	6.2262021E9 (-0.03%)	Equality:	6.2248745E9 (-0.03%)	Inequality:	1327164.6 (-3.76%)	NormSlipRate:	1.43161456E8 (-0.66%)
	UnnormSlipRate:	2.0285436E7 (-1.07%)	PaleoRate:	6.0353288E7 (-0.67%)	LaplaceSmooth:	9.980677 (+3.13%)	RateMinimize:	3.834267E-36 (-100.00%)
	NormMFDEquality:	6.0010747E9 (-0.00%)	NormMFDInequality:	1327164.6 (-3.76%)
Threaded total round 16 DONE after 8 mins 15.6 secs, 139,076,484 total iterations (280,628 /sec).
10,201/507,755 = 2.01% non-zero rates.	Best energy after 4,502,366 total perturbations:
	Total:	6.2244956E9 (-0.03%)	Equality:	6.2231818E9 (-0.03%)	Inequality:	1313686.2 (-1.02%)	NormSlipRate:	1.42313632E8 (-0.59%)
	UnnormSlipRate:	2.0062798E7 (-1.10%)	PaleoRate:	5.9720624E7 (-1.05%)	LaplaceSmooth:	10.278913 (+2.99%)	RateMinimize:	8.7730754E-8 (+2288071192821355400000000000000.00%)
	NormMFDEquality:	6.0010849E9 (+0.00%)	NormMFDInequality:	1313686.2 (-1.02%)
Threaded total round 17 DONE after 8 mins 46.6 secs, 148,592,369 total iterations (282,184 /sec).
10,027/507,755 = 1.97% non-zero rates.	Best energy after 4,649,458 total perturbations:
	Total:	6.2230354E9 (-0.02%)	Equality:	6.2217784E9 (-0.02%)	Inequality:	1256731.2 (-4.34%)	NormSlipRate:	1.41523248E8 (-0.56%)
	UnnormSlipRate:	1.989187E7 (-0.85%)	PaleoRate:	5.9305836E7 (-0.69%)	LaplaceSmooth:	10.569693 (+2.83%)	RateMinimize:	5.4255223E-9 (-93.82%)
	NormMFDEquality:	6.0010578E9 (-0.00%)	NormMFDInequality:	1256731.2 (-4.34%)
Threaded total round 18 DONE after 9 mins 17.6 secs, 157,163,797 total iterations (281,873 /sec).
9,402/507,755 = 1.85% non-zero rates.	Best energy after 4,792,642 total perturbations:
	Total:	6.2216883E9 (-0.02%)	Equality:	6.2204416E9 (-0.02%)	Inequality:	1246866.9 (-0.78%)	NormSlipRate:	1.40929104E8 (-0.42%)
	UnnormSlipRate:	1.9736096E7 (-0.78%)	PaleoRate:	5.8724528E7 (-0.98%)	LaplaceSmooth:	11.009808 (+4.16%)	RateMinimize:	3.922505E-9 (-27.70%)
	NormMFDEquality:	6.0010516E9 (-0.00%)	NormMFDInequality:	1246866.9 (-0.78%)
Threaded total round 19 DONE after 9 mins 48.6 secs, 165,691,004 total iterations (281,501 /sec).
9,281/507,755 = 1.83% non-zero rates.	Best energy after 4,934,144 total perturbations:
	Total:	6.2204728E9 (-0.02%)	Equality:	6.2192732E9 (-0.02%)	Inequality:	1199808.9 (-3.77%)	NormSlipRate:	1.4023792E8 (-0.49%)
	UnnormSlipRate:	1.95741E7 (-0.82%)	PaleoRate:	5.844358E7 (-0.48%)	LaplaceSmooth:	11.341093 (+3.01%)	RateMinimize:	7.5060824E-36 (-100.00%)
	NormMFDEquality:	6.0010173E9 (-0.00%)	NormMFDInequality:	1199808.9 (-3.77%)
Threaded total round 20 DONE after 10 mins 19.6 secs, 174,412,302 total iterations (281,488 /sec).
8,916/507,755 = 1.76% non-zero rates.	Best energy after 5,065,816 total perturbations:
	Total:	6.2193623E9 (-0.02%)	Equality:	6.2181504E9 (-0.02%)	Inequality:	1212119.6 (+1.03%)	NormSlipRate:	1.39638144E8 (-0.43%)
	UnnormSlipRate:	1.947922E7 (-0.48%)	PaleoRate:	5.8025888E7 (-0.71%)	LaplaceSmooth:	11.668909 (+2.89%)	RateMinimize:	6.2983307E-9 (+83909690442843000000000000000.00%)
	NormMFDEquality:	6.0010071E9 (-0.00%)	NormMFDInequality:	1212119.6 (+1.03%)
Threaded total round 21 DONE after 10 mins 50.6 secs, 182,612,226 total iterations (280,683 /sec).
8,693/507,755 = 1.71% non-zero rates.	Best energy after 5,187,484 total perturbations:
	Total:	6.2184125E9 (-0.02%)	Equality:	6.2172068E9 (-0.02%)	Inequality:	1205978.1 (-0.51%)	NormSlipRate:	1.39143936E8 (-0.35%)
	UnnormSlipRate:	1.9349388E7 (-0.67%)	PaleoRate:	5.7713164E7 (-0.54%)	LaplaceSmooth:	11.784874 (+0.99%)	RateMinimize:	5.2647557E-9 (-16.41%)
	NormMFDEquality:	6.0010004E9 (-0.00%)	NormMFDInequality:	1205978.1 (-0.51%)
Threaded total round 22 DONE after 11 mins 21.6 secs, 191,043,739 total iterations (280,278 /sec).
8,449/507,755 = 1.66% non-zero rates.	Best energy after 5,309,678 total perturbations:
	Total:	6.2175252E9 (-0.01%)	Equality:	6.2163313E9 (-0.01%)	Inequality:	1194171.4 (-0.98%)	NormSlipRate:	1.3869336E8 (-0.32%)
	UnnormSlipRate:	1.924569E7 (-0.54%)	PaleoRate:	5.742094E7 (-0.51%)	LaplaceSmooth:	12.0690775 (+2.41%)	RateMinimize:	2.1634309E-35 (-100.00%)
	NormMFDEquality:	6.0009713E9 (-0.00%)	NormMFDInequality:	1194171.4 (-0.98%)
Threaded total round 23 DONE after 11 mins 52.6 secs, 200,540,432 total iterations (281,407 /sec).
8,012/507,755 = 1.58% non-zero rates.	Best energy after 5,434,542 total perturbations:
	Total:	6.2166595E9 (-0.01%)	Equality:	6.2154742E9 (-0.01%)	Inequality:	1185288.2 (-0.74%)	NormSlipRate:	1.3825984E8 (-0.31%)
	UnnormSlipRate:	1.9184104E7 (-0.32%)	PaleoRate:	5.70439E7 (-0.66%)	LaplaceSmooth:	12.260742 (+1.59%)	RateMinimize:	2.1634298E-35 (-0.00%)
	NormMFDEquality:	6.0009866E9 (+0.00%)	NormMFDInequality:	1185288.2 (-0.74%)
Threaded total round 24 DONE after 12 mins 23.6 secs, 208,579,282 total iterations (280,498 /sec).
7,725/507,755 = 1.52% non-zero rates.	Best energy after 5,549,235 total perturbations:
	Total:	6.2158684E9 (-0.01%)	Equality:	6.2146683E9 (-0.01%)	Inequality:	1200458.8 (+1.28%)	NormSlipRate:	1.37791216E8 (-0.34%)
	UnnormSlipRate:	1.904301E7 (-0.74%)	PaleoRate:	5.683814E7 (-0.36%)	LaplaceSmooth:	12.561393 (+2.45%)	RateMinimize:	2.1634298E-35 (0.00%)
	NormMFDEquality:	6.0009958E9 (+0.00%)	NormMFDInequality:	1200458.8 (+1.28%)
Threaded total round 25 DONE after 12 mins 54.6 secs, 216,808,683 total iterations (279,911 /sec).
7,736/507,755 = 1.52% non-zero rates.	Best energy after 5,658,846 total perturbations:
	Total:	6.215106E9 (-0.01%)	Equality:	6.2139305E9 (-0.01%)	Inequality:	1175643.4 (-2.07%)	NormSlipRate:	1.37444608E8 (-0.25%)
	UnnormSlipRate:	1.8943888E7 (-0.52%)	PaleoRate:	5.6572436E7 (-0.47%)	LaplaceSmooth:	12.765915 (+1.63%)	RateMinimize:	7.635177E-8 (+352920011302779460000000000000.00%)
	NormMFDEquality:	6.0009692E9 (-0.00%)	NormMFDInequality:	1175643.4 (-2.07%)
Threaded total round 26 DONE after 13 mins 25.6 secs, 225,743,007 total iterations (280,229 /sec).
7,616/507,755 = 1.50% non-zero rates.	Best energy after 5,770,762 total perturbations:
	Total:	6.2143995E9 (-0.01%)	Equality:	6.2132137E9 (-0.01%)	Inequality:	1185456.0 (+0.83%)	NormSlipRate:	1.37030416E8 (-0.30%)
	UnnormSlipRate:	1.8830398E7 (-0.60%)	PaleoRate:	5.6370116E7 (-0.36%)	LaplaceSmooth:	12.987064 (+1.73%)	RateMinimize:	4.29941E-9 (-94.37%)
	NormMFDEquality:	6.000983E9 (+0.00%)	NormMFDInequality:	1185456.0 (+0.83%)
Threaded total round 27 DONE after 13 mins 56.5 secs, 234,745,889 total iterations (280,613 /sec).
7,515/507,755 = 1.48% non-zero rates.	Best energy after 5,871,493 total perturbations:
	Total:	6.2137994E9 (-0.01%)	Equality:	6.2126198E9 (-0.01%)	Inequality:	1179773.4 (-0.48%)	NormSlipRate:	1.36690752E8 (-0.25%)
	UnnormSlipRate:	1.875114E7 (-0.42%)	PaleoRate:	5.6195812E7 (-0.31%)	LaplaceSmooth:	13.19838 (+1.63%)	RateMinimize:	4.1924864E-8 (+875.13%)
	NormMFDEquality:	6.000982E9 (-0.00%)	NormMFDInequality:	1179773.4 (-0.48%)
Threaded total round 28 DONE after 14 mins 27.5 secs, 244,380,977 total iterations (281,708 /sec).
7,274/507,755 = 1.43% non-zero rates.	Best energy after 5,979,024 total perturbations:
	Total:	6.2131692E9 (-0.01%)	Equality:	6.2120008E9 (-0.01%)	Inequality:	1168518.5 (-0.95%)	NormSlipRate:	1.36261344E8 (-0.31%)
	UnnormSlipRate:	1.8662546E7 (-0.47%)	PaleoRate:	5.610384E7 (-0.16%)	LaplaceSmooth:	13.339171 (+1.07%)	RateMinimize:	2.0749966E-34 (-100.00%)
	NormMFDEquality:	6.0009733E9 (-0.00%)	NormMFDInequality:	1168518.5 (-0.95%)
Threaded total round 29 DONE after 14 mins 58.5 secs, 252,914,605 total iterations (281,500 /sec).
7,178/507,755 = 1.41% non-zero rates.	Best energy after 6,080,975 total perturbations:
	Total:	6.2126044E9 (-0.01%)	Equality:	6.2114545E9 (-0.01%)	Inequality:	1149986.5 (-1.59%)	NormSlipRate:	1.35968768E8 (-0.21%)
	UnnormSlipRate:	1.8634562E7 (-0.15%)	PaleoRate:	5.5890048E7 (-0.38%)	LaplaceSmooth:	13.511236 (+1.29%)	RateMinimize:	2.0749966E-34 (0.00%)
	NormMFDEquality:	6.000961E9 (-0.00%)	NormMFDInequality:	1149986.5 (-1.59%)
Threaded total round 30 DONE after 15 mins 29.5 secs, 262,359,390 total iterations (282,265 /sec).
6,903/507,755 = 1.36% non-zero rates.	Best energy after 6,182,537 total perturbations:
	Total:	6.2120458E9 (-0.01%)	Equality:	6.2108974E9 (-0.01%)	Inequality:	1148146.6 (-0.16%)	NormSlipRate:	1.35612128E8 (-0.26%)
	UnnormSlipRate:	1.8567898E7 (-0.36%)	PaleoRate:	5.5759756E7 (-0.23%)	LaplaceSmooth:	13.770915 (+1.92%)	RateMinimize:	2.0749966E-34 (0.00%)
	NormMFDEquality:	6.000958E9 (-0.00%)	NormMFDInequality:	1148146.6 (-0.16%)
Threaded annealing schedule completed.
Done with Inversion after 15 mins 29.5 secs.
Rounds: 30
Total Iterations: 262359390
Total Perturbations: 6182537
Best energy:
	Total:	6.2120458E9	Equality:	6.2108974E9	Inequality:	1148146.6	NormSlipRate:	1.35612128E8
	UnnormSlipRate:	1.8567898E7	PaleoRate:	5.5759756E7	LaplaceSmooth:	13.770915	RateMinimize:	2.0749966E-34
	NormMFDEquality:	6.000958E9	NormMFDInequality:	1148146.6
Solution:	Mapped module type 'org.opensha.sha.earthquake.faultSysSolution.modules.BuildInfoModule' to: OpenSHA Build Information
Solution:	Mapped module type 'org.opensha.sha.earthquake.faultSysSolution.inversion.sa.completion.AnnealingProgress' to: Annealing Progress
Solution:	Mapped module type 'org.opensha.sha.earthquake.faultSysSolution.modules.SubSeismoOnFaultMFDs' to: Sub-Seismogenic On-Fault MFDs
Mapped module type 'nz.cri.gns.NZSHM22.opensha.inversion.NZSHM22_InversionFaultSystemRuptSet' to: Rupture Set
Mapped module type 'scratch.UCERF3.inversion.InversionFaultSystemRupSet' to: Rupture Set
Mapped module type 'scratch.UCERF3.U3SlipAlongRuptureModelRupSet' to: Rupture Set
Mapped module type 'scratch.UCERF3.U3SlipEnabledRupSet' to: Rupture Set
Mapped module type 'scratch.UCERF3.U3FaultSystemRupSet' to: Rupture Set
Mapped module type 'org.opensha.sha.earthquake.faultSysSolution.FaultSystemRupSet' to: Rupture Set
Mapped module type 'org.opensha.sha.earthquake.faultSysSolution.FaultSystemSolution' to: Solution
------------ WRITING ARCHIVE ------------
Temporary archive: /WORKING/NZSHM22_InversionSolution-QXV0b21hdGlvblRhc2s6MjQ5Mndtd2E1.zip.tmp
Writing 2 modules
	Writing module: Rupture Set
Writing 12 nested modules from 'Rupture Set' with prefix='ruptures/'
	Writing module: OpenSHA Build Information
	Writing module: Section Slip Rates
	Writing module: Section Areas
	Writing module: Info
	Writing module: Plausibility Configuration
	Skipping transient module: Default (Uniform) Slip Along Rupture
	Writing module: Single-Strand Cluster Ruptures
	Writing module: Logic Tree Branch
	Writing module: NZSHM22_ScalingRelationship Average Slips
	Writing module: Polygon Fault Association Manager
	Writing module: NZSHM22 Crustal Inversion Target MFDs
	Writing module: Modified Section Minimum Magnitudes
Wrote 11 modules, writing index to ruptures/modules.json
	Writing module: Solution
Writing 3 nested modules from 'Solution' with prefix='solution/'
	Writing module: OpenSHA Build Information
	Writing module: Annealing Progress
	Writing module: Sub-Seismogenic On-Fault MFDs
Wrote 3 modules, writing index to solution/modules.json
Wrote 2 modules, writing index to modules.json
Moving to /WORKING/NZSHM22_InversionSolution-QXV0b21hdGlvblRhc2s6MjQ5Mndtd2E1.zip
---------- END WRITING ARCHIVE ----------
Calculating Rupture Magnitude for 507755 ruptures
Calculating Rupture Magnitude for 507755 ruptures
Calculating Rupture Magnitude for 507755 ruptures
